2023-07-21T21:15:14.202362Z 0 [Warning] [MY-010097] [Server] Insecure configuration for --secure-file-priv: Current value does not restrict location of generated files. Consider setting it to a valid, non-empty path.
2023-07-21T21:15:14.202455Z 0 [Warning] [MY-010918] [Server] 'default_authentication_plugin' is deprecated and will be removed in a future release. Please use authentication_policy instead.
2023-07-21T21:15:14.202498Z 0 [System] [MY-010116] [Server] C:\Users\hasee\Documents\Semester_3\Web_App_Development\laragon\bin\mysql\mysql-8.0.30-winx64\bin\mysqld (mysqld 8.0.30) starting as process 18320
2023-07-21T21:15:14.252867Z 1 [System] [MY-013576] [InnoDB] InnoDB initialization has started.
2023-07-21T21:15:14.654806Z 1 [System] [MY-013577] [InnoDB] InnoDB initialization has ended.
2023-07-21T21:15:15.369482Z 0 [Warning] [MY-013829] [Server] Missing data directory for ICU regular expressions: C:\Users\hasee\Documents\Semester_3\Web_App_Development\laragon\bin\mysql\mysql-8.0.30-winx64\lib\private\.
2023-07-21T21:15:15.378043Z 0 [Warning] [MY-010068] [Server] CA certificate ca.pem is self signed.
2023-07-21T21:15:15.378546Z 0 [System] [MY-013602] [Server] Channel mysql_main configured to support TLS. Encrypted connections are now supported for this channel.
2023-07-21T21:15:15.380522Z 0 [ERROR] [MY-010262] [Server] Can't start server: Bind on TCP/IP port: Only one usage of each socket address (protocol/network address/port) is normally permitted. 
2023-07-21T21:15:15.382075Z 0 [ERROR] [MY-010257] [Server] Do you already have another mysqld server running on port: 3306 ?
2023-07-21T21:15:15.382804Z 0 [ERROR] [MY-010119] [Server] Aborting
2023-07-21T21:15:16.577460Z 0 [System] [MY-010910] [Server] C:\Users\hasee\Documents\Semester_3\Web_App_Development\laragon\bin\mysql\mysql-8.0.30-winx64\bin\mysqld: Shutdown complete (mysqld 8.0.30)  MySQL Community Server - GPL.
2023-07-21T21:52:27.893108Z 0 [Warning] [MY-010097] [Server] Insecure configuration for --secure-file-priv: Current value does not restrict location of generated files. Consider setting it to a valid, non-empty path.
2023-07-21T21:52:27.893228Z 0 [Warning] [MY-010918] [Server] 'default_authentication_plugin' is deprecated and will be removed in a future release. Please use authentication_policy instead.
2023-07-21T21:52:27.893301Z 0 [System] [MY-010116] [Server] C:\Users\hasee\Documents\Semester_3\Web_App_Development\laragon\bin\mysql\mysql-8.0.30-winx64\bin\mysqld (mysqld 8.0.30) starting as process 22096
2023-07-21T21:52:27.971145Z 1 [System] [MY-013576] [InnoDB] InnoDB initialization has started.
2023-07-21T21:52:28.545477Z 1 [System] [MY-013577] [InnoDB] InnoDB initialization has ended.
2023-07-21T21:52:29.049205Z 0 [Warning] [MY-013829] [Server] Missing data directory for ICU regular expressions: C:\Users\hasee\Documents\Semester_3\Web_App_Development\laragon\bin\mysql\mysql-8.0.30-winx64\lib\private\.
2023-07-21T21:52:29.098063Z 0 [Warning] [MY-010068] [Server] CA certificate ca.pem is self signed.
2023-07-21T21:52:29.098888Z 0 [System] [MY-013602] [Server] Channel mysql_main configured to support TLS. Encrypted connections are now supported for this channel.
2023-07-21T21:52:29.123332Z 0 [ERROR] [MY-010262] [Server] Can't start server: Bind on TCP/IP port: Only one usage of each socket address (protocol/network address/port) is normally permitted. 
2023-07-21T21:52:29.124636Z 0 [ERROR] [MY-010257] [Server] Do you already have another mysqld server running on port: 3306 ?
2023-07-21T21:52:29.125485Z 0 [ERROR] [MY-010119] [Server] Aborting
2023-07-21T21:52:30.341171Z 0 [System] [MY-010910] [Server] C:\Users\hasee\Documents\Semester_3\Web_App_Development\laragon\bin\mysql\mysql-8.0.30-winx64\bin\mysqld: Shutdown complete (mysqld 8.0.30)  MySQL Community Server - GPL.
